<component name="libraryTable">
  <library name="junit-jupiter-api-5.12.0">
    <CLASSES>
      <root url="jar://$USER_HOME$/Desktop/testunit/junit-jupiter-api-5.12.0.jar!/" />
    </CLASSES>
    <JAVADOC />
    <SOURCES />
  </library>
</component>